<?xml version="1.0" encoding="UTF-8"?>
<!-- Generated by org.testng.reporters.JUnitXMLReporter -->
<testsuite ignored="0" hostname="DESKTOP-HEV2DBS" failures="1" tests="4" name="car loan" time="0.161" errors="0" timestamp="2022-08-21T10:33:28 IST">
  <testcase classname="test1Practice.CarLoan" name="CarLoanLogIn" time="0.011"/>
  <testcase classname="test1Practice.CarLoan" name="CarLoanTypes" time="0.005"/>
  <testcase classname="test1Practice.CarLoan" name="UsedCarsLoan" time="0.008">
    <failure type="java.lang.AssertionError" message="expected [true] but found [false]">
      <![CDATA[java.lang.AssertionError: expected [true] but found [false]
at test1Practice.CarLoan.UsedCarsLoan(CarLoan.java:41)
at java.base/java.util.ArrayList.forEach(ArrayList.java:1511)
... Removed 31 stack frames]]>
    </failure>
  </testcase> <!-- UsedCarsLoan -->
  <testcase classname="testDemo1" name="selectItem" time="0.002"/>
</testsuite> <!-- car loan -->
