<?xml version="1.0" encoding="UTF-8"?>
<!-- Generated by org.testng.reporters.JUnitXMLReporter -->
<testsuite ignored="1" hostname="DESKTOP-HEV2DBS" failures="0" tests="4" name="Home loan" time="0.063" errors="0" timestamp="2022-08-21T10:33:28 IST">
  <testcase classname="test1Practice.HomeLoan" name="HomeLoanInterests" time="0.002"/>
  <testcase classname="test1Practice.HomeLoan" name="HomeLoanLogIn" time="0.002"/>
  <testcase classname="test1Practice.HomeLoan" name="HomeLoanLogIn" time="0.005"/>
  <testcase classname="test1Practice.HomeLoan" name="HomeLoanLogIn" time="0.008"/>
  <testcase classname="test1Practice.HomeLoan" name="homeLoanTypes" time="0.0">
    <ignored/>
  </testcase> <!-- homeLoanTypes -->
</testsuite> <!-- Home loan -->
