<?xml version="1.0" encoding="UTF-8"?>
<!-- Generated by org.testng.reporters.JUnitXMLReporter -->
<testsuite ignored="4" hostname="DESKTOP-HEV2DBS" failures="0" tests="3" name="Regression" time="0.105" errors="0" timestamp="2022-08-17T14:35:21 IST">
  <testcase classname="test1Practice.HomeLoan" name="homeLoanTypes" time="0.022"/>
  <testcase classname="test1Practice.CarLoan" name="CarLoanLogIn" time="0.002"/>
  <testcase classname="testDemo1" name="selectItem" time="0.003"/>
  <testcase classname="test1Practice.HomeLoan" name="HomeLoanInterests" time="0.0">
    <ignored/>
  </testcase> <!-- HomeLoanInterests -->
  <testcase classname="test1Practice.CarLoan" name="CarLoanTypes" time="0.0">
    <ignored/>
  </testcase> <!-- CarLoanTypes -->
  <testcase classname="test1Practice.CarLoan" name="UsedCarsLoan" time="0.0">
    <ignored/>
  </testcase> <!-- UsedCarsLoan -->
  <testcase classname="test1Practice.HomeLoan" name="HomeLoanLogIn" time="0.0">
    <ignored/>
  </testcase> <!-- HomeLoanLogIn -->
</testsuite> <!-- Regression -->
